{
  message: 'Database is connected successfully',
  level: 'info',
  label: 'right meow!',
  timestamp: '2023-06-04T05:12:37.420Z'
}
{
  message: 'Application listening on port 5000',
  level: 'info',
  label: 'right meow!',
  timestamp: '2023-06-04T05:12:37.429Z'
}
{
  message: 'Database is connected successfully',
  level: 'info',
  label: 'right meow!',
  timestamp: '2023-06-04T05:32:02.057Z'
}
{
  message: 'Application listening on port 5000',
  level: 'info',
  label: 'right meow!',
  timestamp: '2023-06-04T05:32:02.085Z'
}
{
  message: 'Database is connected successfully',
  level: 'info',
  label: 'right meow!',
  timestamp: '2023-06-04T05:44:33.540Z'
}
{
  message: 'Application listening on port 5000',
  level: 'info',
  label: 'right meow!',
  timestamp: '2023-06-04T05:44:33.556Z'
}
{
  message: 'Database is connected successfully',
  level: 'info',
  label: 'right meow!',
  timestamp: '2023-06-04T05:49:50.264Z'
}
{
  message: 'Application listening on port 5000',
  level: 'info',
  label: 'right meow!',
  timestamp: '2023-06-04T05:49:50.273Z'
}
{
  message: 'Database is connected successfully',
  level: 'info',
  label: 'right meow!',
  timestamp: '2023-06-04T05:50:40.688Z'
}
{
  message: 'Application listening on port 5000',
  level: 'info',
  label: 'right meow!',
  timestamp: '2023-06-04T05:50:40.701Z'
}
{
  message: 'Database is connected successfully',
  level: 'info',
  label: 'right meow!',
  timestamp: '2023-06-04T05:53:53.877Z'
}
{
  message: 'Application listening on port 5000',
  level: 'info',
  label: 'right meow!',
  timestamp: '2023-06-04T05:53:53.890Z'
}
