{
  message: 'Database is connected successfully',
  level: 'info',
  label: 'right meow!',
  timestamp: '2023-06-04T05:10:28.930Z'
}
{
  message: 'Application listening on port 5000',
  level: 'info',
  label: 'right meow!',
  timestamp: '2023-06-04T05:10:28.942Z'
}
{
  message: 'Database is connected successfully',
  level: 'info',
  label: 'right meow!',
  timestamp: '2023-06-04T05:11:07.161Z'
}
{
  message: 'Application listening on port 5000',
  level: 'info',
  label: 'right meow!',
  timestamp: '2023-06-04T05:11:07.171Z'
}
